<?xml version="1.0" encoding="UTF-8"?>
<!-- Generated by org.testng.reporters.JUnitReportReporter -->
<testsuite hostname="Nikhil" failures="0" tests="4" name="wm.TestCases.LoginDDT" time="9.687" errors="0" timestamp="2025-05-23T18:38:06 IST" skipped="2">
  <testcase classname="wm.TestCases.LoginDDT" name="logintest_002_valid_email_invalid_pass" time="3.143">
    <skipped/>
  </testcase> <!-- logintest_002_valid_email_invalid_pass -->
  <testcase classname="wm.TestCases.LoginDDT" name="logintest_002_valid_email_invalid_pass" time="1.199">
    <skipped/>
  </testcase> <!-- logintest_002_valid_email_invalid_pass -->
  <testcase classname="wm.TestCases.LoginDDT" name="logintest_002_valid_email_invalid_pass" time="3.657"/>
  <testcase classname="wm.TestCases.LoginDDT" name="logintest_002_valid_email_invalid_pass" time="1.688"/>
</testsuite> <!-- wm.TestCases.LoginDDT -->
