<?xml version="1.0" encoding="UTF-8"?>
<!-- Generated by org.testng.reporters.JUnitReportReporter -->
<testsuite hostname="Nikhil" failures="0" tests="2" name="wm.TestCases.LoginTestCases" time="4.188" errors="0" timestamp="2025-05-23T15:09:42 IST" skipped="0">
  <testcase classname="wm.TestCases.LoginTestCases" name="logintest_002_valid_email_invalid_pass" time="2.546"/>
  <testcase classname="wm.TestCases.LoginTestCases" name="logintest_002_valid_email_invalid_pass" time="1.642"/>
</testsuite> <!-- wm.TestCases.LoginTestCases -->
