<?xml version="1.0" encoding="UTF-8"?>
<!-- Generated by org.testng.reporters.JUnitReportReporter -->
<testsuite hostname="Nikhil" failures="0" tests="2" name="wm.TestCases.LoginDDT" time="30.225" errors="0" timestamp="2025-05-27T11:47:05 IST" skipped="1">
  <testcase classname="wm.TestCases.LoginDDT" name="gateEntryTest" time="17.965"/>
  <testcase classname="wm.TestCases.LoginDDT" name="gateEntryTest" time="12.260">
    <skipped/>
  </testcase> <!-- gateEntryTest -->
</testsuite> <!-- wm.TestCases.LoginDDT -->
